<?xml version="1.0" encoding="UTF-8"?>
<testsuite name="Parts.CellTest" tests="1" skipped="0" failures="0" errors="0" timestamp="2022-06-16T05:35:28" hostname="ANNE-SENPAI" time="0.001">
  <properties/>
  <testcase name="getId()" classname="Parts.CellTest" time="0.001"/>
  <system-out><![CDATA[]]></system-out>
  <system-err><![CDATA[]]></system-err>
</testsuite>
